<?xml version="1.0" encoding="UTF-8"?>
<testsuite name="com.example.testPj.TestPjApplicationTests" tests="1" skipped="0" failures="0" errors="0" timestamp="2023-09-13T13:04:37" hostname="LAPTOP-6LE3P7E3" time="0.482">
  <properties/>
  <testcase name="contextLoads()" classname="com.example.testPj.TestPjApplicationTests" time="0.482"/>
  <system-out><![CDATA[22:04:34.520 [Test worker] DEBUG org.springframework.test.context.BootstrapUtils - Instantiating CacheAwareContextLoaderDelegate from class [org.springframework.test.context.cache.DefaultCacheAwareContextLoaderDelegate]
22:04:34.538 [Test worker] DEBUG org.springframework.test.context.BootstrapUtils - Instantiating BootstrapContext using constructor [public org.springframework.test.context.support.DefaultBootstrapContext(java.lang.Class,org.springframework.test.context.CacheAwareContextLoaderDelegate)]
22:04:34.576 [Test worker] DEBUG org.springframework.test.context.BootstrapUtils - Instantiating TestContextBootstrapper for test class [com.example.testPj.TestPjApplicationTests] from class [org.springframework.boot.test.context.SpringBootTestContextBootstrapper]
22:04:34.588 [Test worker] INFO org.springframework.boot.test.context.SpringBootTestContextBootstrapper - Neither @ContextConfiguration nor @ContextHierarchy found for test class [com.example.testPj.TestPjApplicationTests], using SpringBootContextLoader
22:04:34.592 [Test worker] DEBUG org.springframework.test.context.support.AbstractContextLoader - Did not detect default resource location for test class [com.example.testPj.TestPjApplicationTests]: class path resource [com/example/testPj/TestPjApplicationTests-context.xml] does not exist
22:04:34.593 [Test worker] DEBUG org.springframework.test.context.support.AbstractContextLoader - Did not detect default resource location for test class [com.example.testPj.TestPjApplicationTests]: class path resource [com/example/testPj/TestPjApplicationTestsContext.groovy] does not exist
22:04:34.593 [Test worker] INFO org.springframework.test.context.support.AbstractContextLoader - Could not detect default resource locations for test class [com.example.testPj.TestPjApplicationTests]: no resource found for suffixes {-context.xml, Context.groovy}.
22:04:34.594 [Test worker] INFO org.springframework.test.context.support.AnnotationConfigContextLoaderUtils - Could not detect default configuration classes for test class [com.example.testPj.TestPjApplicationTests]: TestPjApplicationTests does not declare any static, non-private, non-final, nested classes annotated with @Configuration.
22:04:34.641 [Test worker] DEBUG org.springframework.test.context.support.ActiveProfilesUtils - Could not find an 'annotation declaring class' for annotation type [org.springframework.test.context.ActiveProfiles] and class [com.example.testPj.TestPjApplicationTests]
22:04:34.709 [Test worker] DEBUG org.springframework.context.annotation.ClassPathScanningCandidateComponentProvider - Identified candidate component class: file [D:\SpringBoot\testPj\testPj\build\classes\java\main\com\example\testPj\TestPjApplication.class]
22:04:34.711 [Test worker] INFO org.springframework.boot.test.context.SpringBootTestContextBootstrapper - Found @SpringBootConfiguration com.example.testPj.TestPjApplication for test class com.example.testPj.TestPjApplicationTests
22:04:34.825 [Test worker] DEBUG org.springframework.boot.test.context.SpringBootTestContextBootstrapper - @TestExecutionListeners is not present for class [com.example.testPj.TestPjApplicationTests]: using defaults.
22:04:34.826 [Test worker] INFO org.springframework.boot.test.context.SpringBootTestContextBootstrapper - Loaded default TestExecutionListener class names from location [META-INF/spring.factories]: [org.springframework.boot.test.autoconfigure.restdocs.RestDocsTestExecutionListener, org.springframework.boot.test.autoconfigure.web.client.MockRestServiceServerResetTestExecutionListener, org.springframework.boot.test.autoconfigure.web.servlet.MockMvcPrintOnlyOnFailureTestExecutionListener, org.springframework.boot.test.autoconfigure.web.servlet.WebDriverTestExecutionListener, org.springframework.boot.test.autoconfigure.webservices.client.MockWebServiceServerTestExecutionListener, org.springframework.boot.test.mock.mockito.MockitoTestExecutionListener, org.springframework.boot.test.mock.mockito.ResetMocksTestExecutionListener, org.springframework.test.context.web.ServletTestExecutionListener, org.springframework.test.context.support.DirtiesContextBeforeModesTestExecutionListener, org.springframework.test.context.event.ApplicationEventsTestExecutionListener, org.springframework.test.context.support.DependencyInjectionTestExecutionListener, org.springframework.test.context.support.DirtiesContextTestExecutionListener, org.springframework.test.context.transaction.TransactionalTestExecutionListener, org.springframework.test.context.jdbc.SqlScriptsTestExecutionListener, org.springframework.test.context.event.EventPublishingTestExecutionListener]
22:04:34.839 [Test worker] DEBUG org.springframework.boot.test.context.SpringBootTestContextBootstrapper - Skipping candidate TestExecutionListener [org.springframework.test.context.transaction.TransactionalTestExecutionListener] due to a missing dependency. Specify custom listener classes or make the default listener classes and their required dependencies available. Offending class: [org/springframework/transaction/interceptor/TransactionAttributeSource]
22:04:34.840 [Test worker] DEBUG org.springframework.boot.test.context.SpringBootTestContextBootstrapper - Skipping candidate TestExecutionListener [org.springframework.test.context.jdbc.SqlScriptsTestExecutionListener] due to a missing dependency. Specify custom listener classes or make the default listener classes and their required dependencies available. Offending class: [org/springframework/transaction/interceptor/TransactionAttribute]
22:04:34.840 [Test worker] INFO org.springframework.boot.test.context.SpringBootTestContextBootstrapper - Using TestExecutionListeners: [org.springframework.test.context.web.ServletTestExecutionListener@6cc0bcf6, org.springframework.test.context.support.DirtiesContextBeforeModesTestExecutionListener@29539e36, org.springframework.test.context.event.ApplicationEventsTestExecutionListener@32f61a31, org.springframework.boot.test.mock.mockito.MockitoTestExecutionListener@f5c79a6, org.springframework.boot.test.autoconfigure.SpringBootDependencyInjectionTestExecutionListener@669253b7, org.springframework.test.context.support.DirtiesContextTestExecutionListener@5305c37d, org.springframework.test.context.event.EventPublishingTestExecutionListener@51a06cbe, org.springframework.boot.test.autoconfigure.restdocs.RestDocsTestExecutionListener@3dddbe65, org.springframework.boot.test.autoconfigure.web.client.MockRestServiceServerResetTestExecutionListener@49a64d82, org.springframework.boot.test.autoconfigure.web.servlet.MockMvcPrintOnlyOnFailureTestExecutionListener@344561e0, org.springframework.boot.test.autoconfigure.web.servlet.WebDriverTestExecutionListener@66d23e4a, org.springframework.boot.test.autoconfigure.webservices.client.MockWebServiceServerTestExecutionListener@36ac8a63, org.springframework.boot.test.mock.mockito.ResetMocksTestExecutionListener@4d9d1b69]
22:04:34.852 [Test worker] DEBUG org.springframework.test.context.support.AbstractDirtiesContextTestExecutionListener - Before test class: context [DefaultTestContext@2b46a8c1 testClass = TestPjApplicationTests, testInstance = [null], testMethod = [null], testException = [null], mergedContextConfiguration = [WebMergedContextConfiguration@1d572e62 testClass = TestPjApplicationTests, locations = '{}', classes = '{class com.example.testPj.TestPjApplication}', contextInitializerClasses = '[]', activeProfiles = '{}', propertySourceLocations = '{}', propertySourceProperties = '{org.springframework.boot.test.context.SpringBootTestContextBootstrapper=true}', contextCustomizers = set[org.springframework.boot.test.autoconfigure.actuate.metrics.MetricsExportContextCustomizerFactory$DisableMetricExportContextCustomizer@607fbe09, org.springframework.boot.test.autoconfigure.properties.PropertyMappingContextCustomizer@0, org.springframework.boot.test.autoconfigure.web.servlet.WebDriverContextCustomizerFactory$Customizer@53d1b9b3, org.springframework.boot.test.context.filter.ExcludeFilterContextCustomizer@7e928e2f, org.springframework.boot.test.json.DuplicateJsonObjectContextCustomizerFactory$DuplicateJsonObjectContextCustomizer@1698ee84, org.springframework.boot.test.mock.mockito.MockitoContextCustomizer@0, org.springframework.boot.test.web.client.TestRestTemplateContextCustomizer@5af3a0f, org.springframework.boot.test.context.SpringBootTestArgs@1, org.springframework.boot.test.context.SpringBootTestWebEnvironment@456d6c1e], resourceBasePath = 'src/main/webapp', contextLoader = 'org.springframework.boot.test.context.SpringBootContextLoader', parent = [null]], attributes = map['org.springframework.test.context.web.ServletTestExecutionListener.activateListener' -> true]], class annotated with @DirtiesContext [false] with mode [null].

  .   ____          _            __ _ _
 /\\ / ___'_ __ _ _(_)_ __  __ _ \ \ \ \
( ( )\___ | '_ | '_| | '_ \/ _` | \ \ \ \
 \\/  ___)| |_)| | | | | || (_| |  ) ) ) )
  '  |____| .__|_| |_|_| |_\__, | / / / /
 =========|_|==============|___/=/_/_/_/
 :: Spring Boot ::               (v2.7.15)

2023-09-13 22:04:35.298  INFO 5976 --- [    Test worker] c.example.testPj.TestPjApplicationTests  : Starting TestPjApplicationTests using Java 11.0.14 on LAPTOP-6LE3P7E3 with PID 5976 (started by luna2 in D:\SpringBoot\testPj\testPj)
2023-09-13 22:04:35.300  INFO 5976 --- [    Test worker] c.example.testPj.TestPjApplicationTests  : No active profile set, falling back to 1 default profile: "default"
2023-09-13 22:04:37.119  INFO 5976 --- [    Test worker] c.example.testPj.TestPjApplicationTests  : Started TestPjApplicationTests in 2.225 seconds (JVM running for 3.722)
]]></system-out>
  <system-err><![CDATA[]]></system-err>
</testsuite>
